# JRE version: OpenJDK Runtime Environment Temurin-21.0.8+9 (21.0.8+9) (build 21.0.8+9-LTS)
# Java VM: OpenJDK 64-Bit Server VM Temurin-21.0.8+9 (21.0.8+9-LTS, mixed mode, sharing, tiered, compressed oops, compressed class ptrs, parallel gc, windows-amd64)
GC Precious Log:
 CardTable entry size: 512
 CPUs: 16 total, 16 available
 Memory: 5996M
 Large Page Support: Disabled
 NUMA Support: Disabled
 Compressed Oops: Enabled (32-bit)
 Alignments: Space 512K, Generation 512K, Heap 2M
 Heap Min Capacity: 100M
 Heap Initial Capacity: 100M
 Heap Max Capacity: 2G
 Pre-touch: Disabled
 Parallel Workers: 13
Heap:
 PSYoungGen      total 7168K, used 2756K [0x00000000d5580000, 0x00000000d5e80000, 0x0000000100000000)
  eden space 6144K, 33% used [0x00000000d5580000,0x00000000d57811a8,0x00000000d5b80000)
  from space 1024K, 68% used [0x00000000d5d80000,0x00000000d5e30000,0x00000000d5e80000)
  to   space 1536K, 0% used [0x00000000d5b80000,0x00000000d5b80000,0x00000000d5d00000)
 ParOldGen       total 177152K, used 176694K [0x0000000080000000, 0x000000008ad00000, 0x00000000d5580000)
  object space 177152K, 99% used [0x0000000080000000,0x000000008ac8daf8,0x000000008ad00000)
 Metaspace       used 76221K, committed 77824K, reserved 1179648K
  class space    used 8615K, committed 9344K, reserved 1048576K
GC Heap History (20 events):
Event: 4497.151 GC heap before
{Heap before GC invocations=100 (full 3):
 PSYoungGen      total 6656K, used 6528K [0x00000000d5580000, 0x00000000d5f00000, 0x0000000100000000)
  eden space 4096K, 100% used [0x00000000d5580000,0x00000000d5980000,0x00000000d5980000)
  from space 2560K, 95% used [0x00000000d5c80000,0x00000000d5ee0000,0x00000000d5f00000)
  to   space 2560K, 0% used [0x00000000d5a00000,0x00000000d5a00000,0x00000000d5c80000)
 ParOldGen       total 160256K, used 160057K [0x0000000080000000, 0x0000000089c80000, 0x00000000d5580000)
  object space 160256K, 99% used [0x0000000080000000,0x0000000089c4e6d0,0x0000000089c80000)
 Metaspace       used 72882K, committed 74432K, reserved 1114112K
  class space    used 8407K, committed 9088K, reserved 1048576K
}
Event: 4497.155 GC heap after
{Heap after GC invocations=100 (full 3):
 PSYoungGen      total 7168K, used 2560K [0x00000000d5580000, 0x00000000d6580000, 0x0000000100000000)
  eden space 4608K, 0% used [0x00000000d5580000,0x00000000d5580000,0x00000000d5a00000)
  from space 2560K, 100% used [0x00000000d5a00000,0x00000000d5c80000,0x00000000d5c80000)
  to   space 5632K, 0% used [0x00000000d6000000,0x00000000d6000000,0x00000000d6580000)
 ParOldGen       total 162816K, used 162601K [0x0000000080000000, 0x0000000089f00000, 0x00000000d5580000)
  object space 162816K, 99% used [0x0000000080000000,0x0000000089eca6d0,0x0000000089f00000)
 Metaspace       used 72882K, committed 74432K, reserved 1114112K
  class space    used 8407K, committed 9088K, reserved 1048576K
}
Event: 4497.160 GC heap before
{Heap before GC invocations=101 (full 3):
 PSYoungGen      total 7168K, used 7168K [0x00000000d5580000, 0x00000000d6580000, 0x0000000100000000)
  eden space 4608K, 100% used [0x00000000d5580000,0x00000000d5a00000,0x00000000d5a00000)
  from space 2560K, 100% used [0x00000000d5a00000,0x00000000d5c80000,0x00000000d5c80000)
  to   space 5632K, 0% used [0x00000000d6000000,0x00000000d6000000,0x00000000d6580000)
 ParOldGen       total 162816K, used 162601K [0x0000000080000000, 0x0000000089f00000, 0x00000000d5580000)
  object space 162816K, 99% used [0x0000000080000000,0x0000000089eca6d0,0x0000000089f00000)
 Metaspace       used 72893K, committed 74432K, reserved 1114112K
  class space    used 8409K, committed 9088K, reserved 1048576K
}
Event: 4497.165 GC heap after
{Heap after GC invocations=101 (full 3):
 PSYoungGen      total 9728K, used 3648K [0x00000000d5580000, 0x00000000d6400000, 0x0000000100000000)
  eden space 5632K, 0% used [0x00000000d5580000,0x00000000d5580000,0x00000000d5b00000)
  from space 4096K, 89% used [0x00000000d6000000,0x00000000d6390000,0x00000000d6400000)
  to   space 4608K, 0% used [0x00000000d5b00000,0x00000000d5b00000,0x00000000d5f80000)
 ParOldGen       total 165376K, used 165201K [0x0000000080000000, 0x000000008a180000, 0x00000000d5580000)
  object space 165376K, 99% used [0x0000000080000000,0x000000008a1546d0,0x000000008a180000)
 Metaspace       used 72893K, committed 74432K, reserved 1114112K
  class space    used 8409K, committed 9088K, reserved 1048576K
}
Event: 4497.339 GC heap before
{Heap before GC invocations=102 (full 3):
 PSYoungGen      total 9728K, used 9280K [0x00000000d5580000, 0x00000000d6400000, 0x0000000100000000)
  eden space 5632K, 100% used [0x00000000d5580000,0x00000000d5b00000,0x00000000d5b00000)
  from space 4096K, 89% used [0x00000000d6000000,0x00000000d6390000,0x00000000d6400000)
  to   space 4608K, 0% used [0x00000000d5b00000,0x00000000d5b00000,0x00000000d5f80000)
 ParOldGen       total 165376K, used 165201K [0x0000000080000000, 0x000000008a180000, 0x00000000d5580000)
  object space 165376K, 99% used [0x0000000080000000,0x000000008a1546d0,0x000000008a180000)
 Metaspace       used 73349K, committed 74944K, reserved 1179648K
  class space    used 8448K, committed 9152K, reserved 1048576K
}
Event: 4497.343 GC heap after
{Heap after GC invocations=102 (full 3):
 PSYoungGen      total 6656K, used 697K [0x00000000d5580000, 0x00000000d6080000, 0x0000000100000000)
  eden space 5632K, 0% used [0x00000000d5580000,0x00000000d5580000,0x00000000d5b00000)
  from space 1024K, 68% used [0x00000000d5b00000,0x00000000d5bae470,0x00000000d5c00000)
  to   space 2048K, 0% used [0x00000000d5e80000,0x00000000d5e80000,0x00000000d6080000)
 ParOldGen       total 168960K, used 168681K [0x0000000080000000, 0x000000008a500000, 0x00000000d5580000)
  object space 168960K, 99% used [0x0000000080000000,0x000000008a4ba6d0,0x000000008a500000)
 Metaspace       used 73349K, committed 74944K, reserved 1179648K
  class space    used 8448K, committed 9152K, reserved 1048576K
}
Event: 4497.561 GC heap before
{Heap before GC invocations=103 (full 3):
 PSYoungGen      total 6656K, used 6329K [0x00000000d5580000, 0x00000000d6080000, 0x0000000100000000)
  eden space 5632K, 100% used [0x00000000d5580000,0x00000000d5b00000,0x00000000d5b00000)
  from space 1024K, 68% used [0x00000000d5b00000,0x00000000d5bae470,0x00000000d5c00000)
  to   space 2048K, 0% used [0x00000000d5e80000,0x00000000d5e80000,0x00000000d6080000)
 ParOldGen       total 168960K, used 168681K [0x0000000080000000, 0x000000008a500000, 0x00000000d5580000)
  object space 168960K, 99% used [0x0000000080000000,0x000000008a4ba6d0,0x000000008a500000)
 Metaspace       used 73616K, committed 75200K, reserved 1179648K
  class space    used 8469K, committed 9152K, reserved 1048576K
}
Event: 4497.563 GC heap after
{Heap after GC invocations=103 (full 3):
 PSYoungGen      total 9216K, used 1649K [0x00000000d5580000, 0x00000000d6080000, 0x0000000100000000)
  eden space 7168K, 0% used [0x00000000d5580000,0x00000000d5580000,0x00000000d5c80000)
  from space 2048K, 80% used [0x00000000d5e80000,0x00000000d601c6d8,0x00000000d6080000)
  to   space 2048K, 0% used [0x00000000d5c80000,0x00000000d5c80000,0x00000000d5e80000)
 ParOldGen       total 169472K, used 169215K [0x0000000080000000, 0x000000008a580000, 0x00000000d5580000)
  object space 169472K, 99% used [0x0000000080000000,0x000000008a53fe88,0x000000008a580000)
 Metaspace       used 73616K, committed 75200K, reserved 1179648K
  class space    used 8469K, committed 9152K, reserved 1048576K
}
Event: 4497.695 GC heap before
{Heap before GC invocations=104 (full 3):
 PSYoungGen      total 9216K, used 8817K [0x00000000d5580000, 0x00000000d6080000, 0x0000000100000000)
  eden space 7168K, 100% used [0x00000000d5580000,0x00000000d5c80000,0x00000000d5c80000)
  from space 2048K, 80% used [0x00000000d5e80000,0x00000000d601c6d8,0x00000000d6080000)
  to   space 2048K, 0% used [0x00000000d5c80000,0x00000000d5c80000,0x00000000d5e80000)
 ParOldGen       total 169472K, used 169215K [0x0000000080000000, 0x000000008a580000, 0x00000000d5580000)
  object space 169472K, 99% used [0x0000000080000000,0x000000008a53fe88,0x000000008a580000)
 Metaspace       used 73979K, committed 75520K, reserved 1179648K
  class space    used 8498K, committed 9152K, reserved 1048576K
}
Event: 4497.698 GC heap after
{Heap after GC invocations=104 (full 3):
 PSYoungGen      total 9216K, used 1783K [0x00000000d5580000, 0x00000000d6080000, 0x0000000100000000)
  eden space 7168K, 0% used [0x00000000d5580000,0x00000000d5580000,0x00000000d5c80000)
  from space 2048K, 87% used [0x00000000d5c80000,0x00000000d5e3ded8,0x00000000d5e80000)
  to   space 2048K, 0% used [0x00000000d5e80000,0x00000000d5e80000,0x00000000d6080000)
 ParOldGen       total 171008K, used 170596K [0x0000000080000000, 0x000000008a700000, 0x00000000d5580000)
  object space 171008K, 99% used [0x0000000080000000,0x000000008a699340,0x000000008a700000)
 Metaspace       used 73979K, committed 75520K, reserved 1179648K
  class space    used 8498K, committed 9152K, reserved 1048576K
}
Event: 4497.801 GC heap before
{Heap before GC invocations=105 (full 3):
 PSYoungGen      total 9216K, used 8948K [0x00000000d5580000, 0x00000000d6080000, 0x0000000100000000)
  eden space 7168K, 99% used [0x00000000d5580000,0x00000000d5c7f3b0,0x00000000d5c80000)
  from space 2048K, 87% used [0x00000000d5c80000,0x00000000d5e3ded8,0x00000000d5e80000)
  to   space 2048K, 0% used [0x00000000d5e80000,0x00000000d5e80000,0x00000000d6080000)
 ParOldGen       total 171008K, used 170596K [0x0000000080000000, 0x000000008a700000, 0x00000000d5580000)
  object space 171008K, 99% used [0x0000000080000000,0x000000008a699340,0x000000008a700000)
 Metaspace       used 74385K, committed 75968K, reserved 1179648K
  class space    used 8556K, committed 9280K, reserved 1048576K
}
Event: 4497.804 GC heap after
{Heap after GC invocations=105 (full 3):
 PSYoungGen      total 8704K, used 1088K [0x00000000d5580000, 0x00000000d6000000, 0x0000000100000000)
  eden space 7168K, 0% used [0x00000000d5580000,0x00000000d5580000,0x00000000d5c80000)
  from space 1536K, 70% used [0x00000000d5e80000,0x00000000d5f90020,0x00000000d6000000)
  to   space 1536K, 0% used [0x00000000d5d00000,0x00000000d5d00000,0x00000000d5e80000)
 ParOldGen       total 172544K, used 172190K [0x0000000080000000, 0x000000008a880000, 0x00000000d5580000)
  object space 172544K, 99% used [0x0000000080000000,0x000000008a827a88,0x000000008a880000)
 Metaspace       used 74385K, committed 75968K, reserved 1179648K
  class space    used 8556K, committed 9280K, reserved 1048576K
}
Event: 4498.025 GC heap before
{Heap before GC invocations=106 (full 3):
 PSYoungGen      total 8704K, used 8256K [0x00000000d5580000, 0x00000000d6000000, 0x0000000100000000)
  eden space 7168K, 100% used [0x00000000d5580000,0x00000000d5c80000,0x00000000d5c80000)
  from space 1536K, 70% used [0x00000000d5e80000,0x00000000d5f90020,0x00000000d6000000)
  to   space 1536K, 0% used [0x00000000d5d00000,0x00000000d5d00000,0x00000000d5e80000)
 ParOldGen       total 172544K, used 172190K [0x0000000080000000, 0x000000008a880000, 0x00000000d5580000)
  object space 172544K, 99% used [0x0000000080000000,0x000000008a827a88,0x000000008a880000)
 Metaspace       used 74972K, committed 76608K, reserved 1179648K
  class space    used 8571K, committed 9280K, reserved 1048576K
}
Event: 4498.027 GC heap after
{Heap after GC invocations=106 (full 3):
 PSYoungGen      total 8704K, used 1369K [0x00000000d5580000, 0x00000000d5f80000, 0x0000000100000000)
  eden space 7168K, 0% used [0x00000000d5580000,0x00000000d5580000,0x00000000d5c80000)
  from space 1536K, 89% used [0x00000000d5d00000,0x00000000d5e56768,0x00000000d5e80000)
  to   space 1024K, 0% used [0x00000000d5e80000,0x00000000d5e80000,0x00000000d5f80000)
 ParOldGen       total 173568K, used 173138K [0x0000000080000000, 0x000000008a980000, 0x00000000d5580000)
  object space 173568K, 99% used [0x0000000080000000,0x000000008a914ab8,0x000000008a980000)
 Metaspace       used 74972K, committed 76608K, reserved 1179648K
  class space    used 8571K, committed 9280K, reserved 1048576K
}
Event: 4498.235 GC heap before
{Heap before GC invocations=107 (full 3):
 PSYoungGen      total 8704K, used 8537K [0x00000000d5580000, 0x00000000d5f80000, 0x0000000100000000)
  eden space 7168K, 100% used [0x00000000d5580000,0x00000000d5c80000,0x00000000d5c80000)
  from space 1536K, 89% used [0x00000000d5d00000,0x00000000d5e56768,0x00000000d5e80000)
  to   space 1024K, 0% used [0x00000000d5e80000,0x00000000d5e80000,0x00000000d5f80000)
 ParOldGen       total 173568K, used 173138K [0x0000000080000000, 0x000000008a980000, 0x00000000d5580000)
  object space 173568K, 99% used [0x0000000080000000,0x000000008a914ab8,0x000000008a980000)
 Metaspace       used 75608K, committed 77248K, reserved 1179648K
  class space    used 8575K, committed 9280K, reserved 1048576K
}
Event: 4498.238 GC heap after
{Heap after GC invocations=107 (full 3):
 PSYoungGen      total 7168K, used 1024K [0x00000000d5580000, 0x00000000d6280000, 0x0000000100000000)
  eden space 6144K, 0% used [0x00000000d5580000,0x00000000d5580000,0x00000000d5b80000)
  from space 1024K, 100% used [0x00000000d5e80000,0x00000000d5f80000,0x00000000d5f80000)
  to   space 3072K, 0% used [0x00000000d5b80000,0x00000000d5b80000,0x00000000d5e80000)
 ParOldGen       total 175104K, used 174864K [0x0000000080000000, 0x000000008ab00000, 0x00000000d5580000)
  object space 175104K, 99% used [0x0000000080000000,0x000000008aac40a8,0x000000008ab00000)
 Metaspace       used 75608K, committed 77248K, reserved 1179648K
  class space    used 8575K, committed 9280K, reserved 1048576K
}
Event: 4498.412 GC heap before
{Heap before GC invocations=108 (full 3):
 PSYoungGen      total 7168K, used 7168K [0x00000000d5580000, 0x00000000d6280000, 0x0000000100000000)
  eden space 6144K, 100% used [0x00000000d5580000,0x00000000d5b80000,0x00000000d5b80000)
  from space 1024K, 100% used [0x00000000d5e80000,0x00000000d5f80000,0x00000000d5f80000)
  to   space 3072K, 0% used [0x00000000d5b80000,0x00000000d5b80000,0x00000000d5e80000)
 ParOldGen       total 175104K, used 174864K [0x0000000080000000, 0x000000008ab00000, 0x00000000d5580000)
  object space 175104K, 99% used [0x0000000080000000,0x000000008aac40a8,0x000000008ab00000)
 Metaspace       used 75877K, committed 77440K, reserved 1179648K
  class space    used 8581K, committed 9280K, reserved 1048576K
}
Event: 4498.415 GC heap after
{Heap after GC invocations=108 (full 3):
 PSYoungGen      total 7680K, used 1464K [0x00000000d5580000, 0x00000000d5f80000, 0x0000000100000000)
  eden space 6144K, 0% used [0x00000000d5580000,0x00000000d5580000,0x00000000d5b80000)
  from space 1536K, 95% used [0x00000000d5b80000,0x00000000d5cee1a0,0x00000000d5d00000)
  to   space 2048K, 0% used [0x00000000d5d80000,0x00000000d5d80000,0x00000000d5f80000)
 ParOldGen       total 176128K, used 175888K [0x0000000080000000, 0x000000008ac00000, 0x00000000d5580000)
  object space 176128K, 99% used [0x0000000080000000,0x000000008abc40e8,0x000000008ac00000)
 Metaspace       used 75877K, committed 77440K, reserved 1179648K
  class space    used 8581K, committed 9280K, reserved 1048576K
}
Event: 4797.450 GC heap before
{Heap before GC invocations=109 (full 3):
 PSYoungGen      total 7680K, used 7608K [0x00000000d5580000, 0x00000000d5f80000, 0x0000000100000000)
  eden space 6144K, 100% used [0x00000000d5580000,0x00000000d5b80000,0x00000000d5b80000)
  from space 1536K, 95% used [0x00000000d5b80000,0x00000000d5cee1a0,0x00000000d5d00000)
  to   space 2048K, 0% used [0x00000000d5d80000,0x00000000d5d80000,0x00000000d5f80000)
 ParOldGen       total 176128K, used 175888K [0x0000000080000000, 0x000000008ac00000, 0x00000000d5580000)
  object space 176128K, 99% used [0x0000000080000000,0x000000008abc40e8,0x000000008ac00000)
 Metaspace       used 75980K, committed 77568K, reserved 1179648K
  class space    used 8591K, committed 9280K, reserved 1048576K
}
Event: 4797.518 GC heap after
{Heap after GC invocations=109 (full 3):
 PSYoungGen      total 7168K, used 704K [0x00000000d5580000, 0x00000000d5e80000, 0x0000000100000000)
  eden space 6144K, 0% used [0x00000000d5580000,0x00000000d5580000,0x00000000d5b80000)
  from space 1024K, 68% used [0x00000000d5d80000,0x00000000d5e30000,0x00000000d5e80000)
  to   space 1536K, 0% used [0x00000000d5b80000,0x00000000d5b80000,0x00000000d5d00000)
 ParOldGen       total 177152K, used 176694K [0x0000000080000000, 0x000000008ad00000, 0x00000000d5580000)
  object space 177152K, 99% used [0x0000000080000000,0x000000008ac8daf8,0x000000008ad00000)
 Metaspace       used 75980K, committed 77568K, reserved 1179648K
  class space    used 8591K, committed 9280K, reserved 1048576K
}

